

============================== 2022-07-18 07:56:29.585722 | 6d918c70-fd63-4d2c-8266-a7f2375e7abe ==============================
07:56:29.585722 [info ] [MainThread]: Running with dbt=1.1.1
07:56:29.586722 [debug] [MainThread]: running dbt with arguments {'write_json': True, 'use_colors': True, 'printer_width': 80, 'version_check': True, 'partial_parse': True, 'static_parser': True, 'profiles_dir': 'C:\\Users\\Roman\\.dbt', 'send_anonymous_usage_stats': True, 'event_buffer_size': 100000, 'quiet': False, 'no_print': False, 'project_name': 'proj', 'skip_profile_setup': False, 'which': 'init', 'indirect_selection': 'eager'}
07:56:29.588738 [debug] [MainThread]: Tracking: tracking
07:56:29.665717 [debug] [MainThread]: Sending event: {'category': 'dbt', 'action': 'invocation', 'label': 'start', 'context': [<snowplow_tracker.self_describing_json.SelfDescribingJson object at 0x0000021731B4B010>, <snowplow_tracker.self_describing_json.SelfDescribingJson object at 0x0000021731B4AC20>, <snowplow_tracker.self_describing_json.SelfDescribingJson object at 0x0000021731B4ABF0>]}
07:56:29.668722 [debug] [MainThread]: Starter project path: C:\Users\Roman\AppData\Local\Programs\Python\Python310\lib\site-packages\dbt\include\starter_project
08:17:00.577706 [debug] [MainThread]: Sending event: {'category': 'dbt', 'action': 'invocation', 'label': 'end', 'context': [<snowplow_tracker.self_describing_json.SelfDescribingJson object at 0x0000021731B4ABF0>, <snowplow_tracker.self_describing_json.SelfDescribingJson object at 0x0000021731B4BD90>, <snowplow_tracker.self_describing_json.SelfDescribingJson object at 0x0000021731B4B520>]}


============================== 2022-07-18 08:17:53.686517 | de411eca-b4e8-4ee5-a1c2-ac2344e7a5d3 ==============================
08:17:53.686517 [info ] [MainThread]: Running with dbt=1.1.1
08:17:53.688516 [debug] [MainThread]: running dbt with arguments {'write_json': True, 'use_colors': True, 'printer_width': 80, 'version_check': True, 'partial_parse': True, 'static_parser': True, 'profiles_dir': 'C:\\Users\\Roman\\.dbt', 'send_anonymous_usage_stats': True, 'event_buffer_size': 100000, 'quiet': False, 'no_print': False, 'config_dir': False, 'which': 'debug', 'indirect_selection': 'eager'}
08:17:53.688516 [debug] [MainThread]: Tracking: tracking
08:17:53.762067 [debug] [MainThread]: Sending event: {'category': 'dbt', 'action': 'invocation', 'label': 'start', 'context': [<snowplow_tracker.self_describing_json.SelfDescribingJson object at 0x000001DFCF01A950>, <snowplow_tracker.self_describing_json.SelfDescribingJson object at 0x000001DFCF01ABC0>, <snowplow_tracker.self_describing_json.SelfDescribingJson object at 0x000001DFCF01AAD0>]}
08:17:54.989078 [debug] [MainThread]: Executing "git --help"
08:17:55.137074 [debug] [MainThread]: STDOUT: "b"usage: git [--version] [--help] [-C <path>] [-c <name>=<value>]\n           [--exec-path[=<path>]] [--html-path] [--man-path] [--info-path]\n           [-p | --paginate | -P | --no-pager] [--no-replace-objects] [--bare]\n           [--git-dir=<path>] [--work-tree=<path>] [--namespace=<name>]\n           [--super-prefix=<path>] [--config-env=<name>=<envvar>]\n           <command> [<args>]\n\nThese are common Git commands used in various situations:\n\nstart a working area (see also: git help tutorial)\n   clone     Clone a repository into a new directory\n   init      Create an empty Git repository or reinitialize an existing one\n\nwork on the current change (see also: git help everyday)\n   add       Add file contents to the index\n   mv        Move or rename a file, a directory, or a symlink\n   restore   Restore working tree files\n   rm        Remove files from the working tree and from the index\n\nexamine the history and state (see also: git help revisions)\n   bisect    Use binary search to find the commit that introduced a bug\n   diff      Show changes between commits, commit and working tree, etc\n   grep      Print lines matching a pattern\n   log       Show commit logs\n   show      Show various types of objects\n   status    Show the working tree status\n\ngrow, mark and tweak your common history\n   branch    List, create, or delete branches\n   commit    Record changes to the repository\n   merge     Join two or more development histories together\n   rebase    Reapply commits on top of another base tip\n   reset     Reset current HEAD to the specified state\n   switch    Switch branches\n   tag       Create, list, delete or verify a tag object signed with GPG\n\ncollaborate (see also: git help workflows)\n   fetch     Download objects and refs from another repository\n   pull      Fetch from and integrate with another repository or a local branch\n   push      Update remote refs along with associated objects\n\n'git help -a' and 'git help -g' list available subcommands and some\nconcept guides. See 'git help <command>' or 'git help <concept>'\nto read about a specific subcommand or concept.\nSee 'git help git' for an overview of the system.\n""
08:17:55.138100 [debug] [MainThread]: STDERR: "b''"
08:17:55.143076 [debug] [MainThread]: Acquiring new snowflake connection "debug"
08:17:55.144102 [debug] [MainThread]: Using snowflake connection "debug"
08:17:55.145112 [debug] [MainThread]: On debug: select 1 as id
08:17:55.145112 [debug] [MainThread]: Opening a new connection, currently in state init
08:17:56.645572 [debug] [MainThread]: SQL status: SUCCESS 1 in 1.5 seconds
08:17:56.646572 [debug] [MainThread]: On debug: Close
08:17:56.784224 [debug] [MainThread]: Sending event: {'category': 'dbt', 'action': 'invocation', 'label': 'end', 'context': [<snowplow_tracker.self_describing_json.SelfDescribingJson object at 0x000001DFCF059AE0>, <snowplow_tracker.self_describing_json.SelfDescribingJson object at 0x000001DFCFC14580>, <snowplow_tracker.self_describing_json.SelfDescribingJson object at 0x000001DFCFC178B0>]}
08:17:57.337587 [debug] [MainThread]: Connection 'debug' was properly closed.
